{"file":"/Users/mt/go_projects/go-admin/main.go:154","func":"main.setupLogger","level":"info","msg":"init  logger  success","time":"2021-10-21T11:47:40+08:00"}
{"file":"/Users/mt/go_projects/go-admin/main.go:154","func":"main.setupLogger","level":"info","msg":"init  logger  success2","time":"2021-10-21T11:48:14+08:00"}
{"file":"/Users/mt/go_projects/go-admin/main.go:154","func":"main.initLogger","level":"info","msg":"init  logger  success2","time":"2021-10-21T14:18:58+08:00"}
{"file":"/Users/mt/go_projects/go-admin/main.go:154","func":"main.initLogger","level":"info","msg":"init  logger  success2","time":"2021-10-21T14:19:10+08:00"}
{"file":"/Users/mt/go_projects/go-admin/main.go:154","func":"main.initLogger","level":"info","msg":"init  logger  success2","time":"2021-10-21T14:19:31+08:00"}
{"file":"/Users/mt/go_projects/go-admin/main.go:154","func":"main.initLogger","level":"info","msg":"init  logger  success2","time":"2021-10-21T14:19:46+08:00"}
{"file":"/Users/mt/go_projects/go-admin/main.go:154","func":"main.initLogger","level":"info","msg":"init  logger  success2","time":"2021-10-21T14:20:17+08:00"}
{"beginTime":1634797220,"endTime":1634797220,"file":"/Users/mt/go_projects/go-admin/internal/middleware/log.go:56","func":"go-admin/internal/middleware.AccessLog.func1","httpCode":200,"ip":"localhost:8001","level":"info","method":"GET","msg":"Request_Log","questTime":0,"time":"2021-10-21T14:20:20+08:00","url":"/"}
{"beginTime":1634797221,"endTime":1634797221,"file":"/Users/mt/go_projects/go-admin/internal/middleware/log.go:56","func":"go-admin/internal/middleware.AccessLog.func1","httpCode":404,"ip":"localhost:8001","level":"info","method":"GET","msg":"Request_Log","questTime":0,"time":"2021-10-21T14:20:21+08:00","url":"/favicon.ico"}
{"file":"/Users/mt/go_projects/go-admin/main.go:154","func":"main.initLogger","level":"info","msg":"init  logger  success2","time":"2021-10-21T16:20:42+08:00"}
{"file":"/Users/mt/go_projects/go-admin/internal/middleware/log.go:56","func":"go-admin/internal/middleware.AccessLog.func1","httpCode":200,"ip":"localhost:8001","level":"info","method":"OPTIONS","msg":"Request_Log","time":"2021-10-21T16:20:52+08:00","url":"/v1/common/login","请求处理时间":0}
{"file":"/Users/mt/go_projects/go-admin/internal/middleware/log.go:56","func":"go-admin/internal/middleware.AccessLog.func1","httpCode":200,"ip":"localhost:8001","level":"info","method":"POST","msg":"Request_Log","time":"2021-10-21T16:20:52+08:00","url":"/v1/common/login","请求处理时间":0}
{"file":"/Users/mt/go_projects/go-admin/internal/middleware/log.go:56","func":"go-admin/internal/middleware.AccessLog.func1","httpCode":200,"ip":"localhost:8001","level":"info","method":"OPTIONS","msg":"Request_Log","time":"2021-10-21T16:22:58+08:00","url":"/v1/common/login","请求处理时间":0}
{"file":"/Users/mt/go_projects/go-admin/internal/middleware/log.go:56","func":"go-admin/internal/middleware.AccessLog.func1","httpCode":200,"ip":"localhost:8001","level":"info","method":"POST","msg":"Request_Log","time":"2021-10-21T16:22:58+08:00","url":"/v1/common/login","请求处理时间":0}
{"file":"/Users/mt/go_projects/go-admin/main.go:154","func":"main.initLogger","level":"info","msg":"init  logger  success2","time":"2021-10-21T16:23:46+08:00"}
{"file":"/Users/mt/go_projects/go-admin/internal/middleware/log.go:56","func":"go-admin/internal/middleware.AccessLog.func1","httpCode":200,"ip":"localhost:8001","level":"info","method":"OPTIONS","msg":"Request_Log","time":"2021-10-21T16:23:53+08:00","url":"/v1/common/login","请求处理时间":0}
{"file":"/Users/mt/go_projects/go-admin/internal/middleware/log.go:56","func":"go-admin/internal/middleware.AccessLog.func1","httpCode":200,"ip":"localhost:8001","level":"info","method":"POST","msg":"Request_Log","time":"2021-10-21T16:23:53+08:00","url":"/v1/common/login","请求处理时间":0}
{"file":"/Users/mt/go_projects/go-admin/internal/middleware/log.go:56","func":"go-admin/internal/middleware.AccessLog.func1","httpCode":200,"ip":"localhost:8001","level":"info","method":"OPTIONS","msg":"Request_Log","time":"2021-10-21T16:24:38+08:00","url":"/v1/common/login","请求处理时间":0}
{"file":"/Users/mt/go_projects/go-admin/internal/middleware/log.go:56","func":"go-admin/internal/middleware.AccessLog.func1","httpCode":200,"ip":"localhost:8001","level":"info","method":"POST","msg":"Request_Log","time":"2021-10-21T16:24:38+08:00","url":"/v1/common/login","请求处理时间":0}
{"file":"/Users/mt/go_projects/go-admin/main.go:154","func":"main.initLogger","level":"info","msg":"init  logger  success2","time":"2021-10-21T16:26:06+08:00"}
{"file":"/Users/mt/go_projects/go-admin/internal/middleware/log.go:56","func":"go-admin/internal/middleware.AccessLog.func1","httpCode":200,"ip":"localhost:8001","level":"info","method":"OPTIONS","msg":"Request_Log","time":"2021-10-21T16:26:32+08:00","url":"/v1/common/login","请求处理时间":0}
{"file":"/Users/mt/go_projects/go-admin/internal/middleware/log.go:56","func":"go-admin/internal/middleware.AccessLog.func1","httpCode":200,"ip":"localhost:8001","level":"info","method":"OPTIONS","msg":"Request_Log","time":"2021-10-21T16:26:38+08:00","url":"/v1/common/login","请求处理时间":0}
{"file":"/Users/mt/go_projects/go-admin/internal/middleware/log.go:56","func":"go-admin/internal/middleware.AccessLog.func1","httpCode":200,"ip":"localhost:8001","level":"info","method":"OPTIONS","msg":"Request_Log","time":"2021-10-21T16:27:08+08:00","url":"/v1/common/login","请求处理时间":0}
{"file":"/Users/mt/go_projects/go-admin/internal/middleware/log.go:56","func":"go-admin/internal/middleware.AccessLog.func1","httpCode":200,"ip":"localhost:8001","level":"info","method":"OPTIONS","msg":"Request_Log","time":"2021-10-21T16:27:26+08:00","url":"/v1/common/login","请求处理时间":0}
{"file":"/Users/mt/go_projects/go-admin/main.go:154","func":"main.initLogger","level":"info","msg":"init  logger  success2","time":"2021-10-21T16:28:46+08:00"}
{"file":"/Users/mt/go_projects/go-admin/internal/middleware/log.go:56","func":"go-admin/internal/middleware.AccessLog.func1","httpCode":200,"ip":"localhost:8001","level":"info","method":"OPTIONS","msg":"Request_Log","time":"2021-10-21T16:28:57+08:00","url":"/v1/common/login","请求处理时间":0}
{"file":"/Users/mt/go_projects/go-admin/internal/middleware/log.go:56","func":"go-admin/internal/middleware.AccessLog.func1","httpCode":200,"ip":"localhost:8001","level":"info","method":"OPTIONS","msg":"Request_Log","time":"2021-10-21T16:29:19+08:00","url":"/v1/common/login","请求处理时间":0}
{"file":"/Users/mt/go_projects/go-admin/internal/middleware/log.go:56","func":"go-admin/internal/middleware.AccessLog.func1","httpCode":200,"ip":"localhost:8001","level":"info","method":"POST","msg":"Request_Log","time":"2021-10-21T16:29:19+08:00","url":"/v1/common/login","请求处理时间":0}
{"file":"/Users/mt/go_projects/go-admin/internal/middleware/log.go:56","func":"go-admin/internal/middleware.AccessLog.func1","httpCode":200,"ip":"localhost:8001","level":"info","method":"OPTIONS","msg":"Request_Log","time":"2021-10-21T16:29:28+08:00","url":"/v1/common/login","请求处理时间":0}
{"file":"/Users/mt/go_projects/go-admin/internal/middleware/log.go:56","func":"go-admin/internal/middleware.AccessLog.func1","httpCode":200,"ip":"localhost:8001","level":"info","method":"OPTIONS","msg":"Request_Log","time":"2021-10-21T16:30:32+08:00","url":"/v1/common/login","请求处理时间":0}
{"file":"/Users/mt/go_projects/go-admin/internal/middleware/log.go:56","func":"go-admin/internal/middleware.AccessLog.func1","httpCode":200,"ip":"localhost:8001","level":"info","method":"POST","msg":"Request_Log","time":"2021-10-21T16:30:32+08:00","url":"/v1/common/login","请求处理时间":0}
{"file":"/Users/mt/go_projects/go-admin/main.go:154","func":"main.initLogger","level":"info","msg":"init  logger  success2","time":"2021-10-21T16:30:53+08:00"}
{"file":"/Users/mt/go_projects/go-admin/internal/middleware/log.go:56","func":"go-admin/internal/middleware.AccessLog.func1","httpCode":200,"ip":"localhost:8001","level":"info","method":"OPTIONS","msg":"Request_Log","time":"2021-10-21T16:31:17+08:00","url":"/v1/common/login","请求处理时间":0}
{"file":"/Users/mt/go_projects/go-admin/internal/middleware/log.go:56","func":"go-admin/internal/middleware.AccessLog.func1","httpCode":200,"ip":"localhost:8001","level":"info","method":"POST","msg":"Request_Log","time":"2021-10-21T16:31:17+08:00","url":"/v1/common/login","请求处理时间":0}
{"file":"/Users/mt/go_projects/go-admin/main.go:154","func":"main.initLogger","level":"info","msg":"init  logger  success2","time":"2021-10-21T17:38:15+08:00"}
{"file":"/Users/mt/go_projects/go-admin/main.go:154","func":"main.initLogger","level":"info","msg":"init  logger  success2","time":"2021-10-21T17:38:31+08:00"}
{"file":"/Users/mt/go_projects/go-admin/main.go:154","func":"main.initLogger","level":"info","msg":"init  logger  success2","time":"2021-10-21T17:40:48+08:00"}
{"file":"/Users/mt/go_projects/go-admin/internal/middleware/log.go:56","func":"go-admin/internal/middleware.AccessLog.func1","httpCode":200,"ip":"localhost:8001","level":"info","method":"OPTIONS","msg":"Request_Log","time":"2021-10-21T17:41:48+08:00","url":"/v1/user/role","请求处理时间":0}
{"file":"/Users/mt/go_projects/go-admin/main.go:154","func":"main.initLogger","level":"info","msg":"init  logger  success2","time":"2021-10-21T17:42:17+08:00"}
{"file":"/Users/mt/go_projects/go-admin/internal/middleware/log.go:56","func":"go-admin/internal/middleware.AccessLog.func1","httpCode":200,"ip":"localhost:8001","level":"info","method":"OPTIONS","msg":"Request_Log","time":"2021-10-21T17:42:21+08:00","url":"/v1/user/role","请求处理时间":0}
{"file":"/Users/mt/go_projects/go-admin/internal/middleware/log.go:56","func":"go-admin/internal/middleware.AccessLog.func1","httpCode":200,"ip":"localhost:8001","level":"info","method":"GET","msg":"Request_Log","time":"2021-10-21T17:42:21+08:00","url":"/v1/user/role","请求处理时间":0}
{"file":"/Users/mt/go_projects/go-admin/internal/middleware/log.go:56","func":"go-admin/internal/middleware.AccessLog.func1","httpCode":200,"ip":"localhost:8001","level":"info","method":"OPTIONS","msg":"Request_Log","time":"2021-10-21T17:43:11+08:00","url":"/v1/user/role","请求处理时间":0}
{"file":"/Users/mt/go_projects/go-admin/internal/middleware/log.go:56","func":"go-admin/internal/middleware.AccessLog.func1","httpCode":200,"ip":"localhost:8001","level":"info","method":"GET","msg":"Request_Log","time":"2021-10-21T17:43:11+08:00","url":"/v1/user/role","请求处理时间":0}
{"file":"/Users/mt/go_projects/go-admin/internal/middleware/log.go:56","func":"go-admin/internal/middleware.AccessLog.func1","httpCode":200,"ip":"localhost:8001","level":"info","method":"OPTIONS","msg":"Request_Log","time":"2021-10-21T17:43:15+08:00","url":"/v1/auth/all","请求处理时间":0}
{"file":"/Users/mt/go_projects/go-admin/internal/middleware/log.go:56","func":"go-admin/internal/middleware.AccessLog.func1","httpCode":200,"ip":"localhost:8001","level":"info","method":"GET","msg":"Request_Log","time":"2021-10-21T17:43:15+08:00","url":"/v1/auth/all","请求处理时间":0}
{"file":"/Users/mt/go_projects/go-admin/internal/middleware/log.go:56","func":"go-admin/internal/middleware.AccessLog.func1","httpCode":200,"ip":"localhost:8001","level":"info","method":"GET","msg":"Request_Log","time":"2021-10-21T17:43:19+08:00","url":"/v1/auth/all","请求处理时间":0}
